# JRE version: OpenJDK Runtime Environment Temurin-17.0.8+7 (17.0.8+7) (build 17.0.8+7)
# Java VM: OpenJDK 64-Bit Server VM Temurin-17.0.8+7 (17.0.8+7, mixed mode, emulated-client, sharing, tiered, compressed oops, compressed class ptrs, g1 gc, windows-amd64)
GC Precious Log:
 CPUs: 4 total, 4 available
 Memory: 16262M
 Large Page Support: Disabled
 NUMA Support: Disabled
 Compressed Oops: Enabled (Zero based)
 Heap Region Size: 2M
 Heap Min Capacity: 8M
 Heap Initial Capacity: 256M
 Heap Max Capacity: 4066M
 Pre-touch: Disabled
 Parallel Workers: 4
 Concurrent Workers: 1
 Concurrent Refinement Workers: 4
 Periodic GC: Disabled
Heap:
 garbage-first heap   total 108544K, used 52185K [0x0000000701e00000, 0x0000000800000000)
  region size 2048K, 7 young (14336K), 2 survivors (4096K)
 Metaspace       used 83444K, committed 84096K, reserved 1179648K
  class space    used 12181K, committed 12480K, reserved 1048576K
GC Heap History (20 events):
Event: 12.223 GC heap before
{Heap before GC invocations=11 (full 0):
 garbage-first heap   total 90112K, used 72166K [0x0000000701e00000, 0x0000000800000000)
  region size 2048K, 26 young (53248K), 2 survivors (4096K)
 Metaspace       used 36355K, committed 36800K, reserved 1114112K
  class space    used 5021K, committed 5248K, reserved 1048576K
}
Event: 12.229 GC heap after
{Heap after GC invocations=12 (full 0):
 garbage-first heap   total 90112K, used 24942K [0x0000000701e00000, 0x0000000800000000)
  region size 2048K, 3 young (6144K), 3 survivors (6144K)
 Metaspace       used 36355K, committed 36800K, reserved 1114112K
  class space    used 5021K, committed 5248K, reserved 1048576K
}
Event: 12.821 GC heap before
{Heap before GC invocations=13 (full 0):
 garbage-first heap   total 90112K, used 65902K [0x0000000701e00000, 0x0000000800000000)
  region size 2048K, 23 young (47104K), 3 survivors (6144K)
 Metaspace       used 41300K, committed 41728K, reserved 1114112K
  class space    used 5687K, committed 5888K, reserved 1048576K
}
Event: 12.829 GC heap after
{Heap after GC invocations=14 (full 0):
 garbage-first heap   total 90112K, used 26052K [0x0000000701e00000, 0x0000000800000000)
  region size 2048K, 2 young (4096K), 2 survivors (4096K)
 Metaspace       used 41300K, committed 41728K, reserved 1114112K
  class space    used 5687K, committed 5888K, reserved 1048576K
}
Event: 13.621 GC heap before
{Heap before GC invocations=14 (full 0):
 garbage-first heap   total 90112K, used 67012K [0x0000000701e00000, 0x0000000800000000)
  region size 2048K, 22 young (45056K), 2 survivors (4096K)
 Metaspace       used 49070K, committed 49472K, reserved 1114112K
  class space    used 6883K, committed 7040K, reserved 1048576K
}
Event: 13.627 GC heap after
{Heap after GC invocations=15 (full 0):
 garbage-first heap   total 90112K, used 27405K [0x0000000701e00000, 0x0000000800000000)
  region size 2048K, 3 young (6144K), 3 survivors (6144K)
 Metaspace       used 49070K, committed 49472K, reserved 1114112K
  class space    used 6883K, committed 7040K, reserved 1048576K
}
Event: 14.353 GC heap before
{Heap before GC invocations=15 (full 0):
 garbage-first heap   total 90112K, used 66317K [0x0000000701e00000, 0x0000000800000000)
  region size 2048K, 22 young (45056K), 3 survivors (6144K)
 Metaspace       used 56774K, committed 57216K, reserved 1114112K
  class space    used 8133K, committed 8320K, reserved 1048576K
}
Event: 14.361 GC heap after
{Heap after GC invocations=16 (full 0):
 garbage-first heap   total 90112K, used 28954K [0x0000000701e00000, 0x0000000800000000)
  region size 2048K, 3 young (6144K), 3 survivors (6144K)
 Metaspace       used 56774K, committed 57216K, reserved 1114112K
  class space    used 8133K, committed 8320K, reserved 1048576K
}
Event: 14.895 GC heap before
{Heap before GC invocations=16 (full 0):
 garbage-first heap   total 90112K, used 57626K [0x0000000701e00000, 0x0000000800000000)
  region size 2048K, 18 young (36864K), 3 survivors (6144K)
 Metaspace       used 60853K, committed 61440K, reserved 1114112K
  class space    used 8717K, committed 9024K, reserved 1048576K
}
Event: 14.903 GC heap after
{Heap after GC invocations=17 (full 0):
 garbage-first heap   total 90112K, used 30312K [0x0000000701e00000, 0x0000000800000000)
  region size 2048K, 3 young (6144K), 3 survivors (6144K)
 Metaspace       used 60853K, committed 61440K, reserved 1114112K
  class space    used 8717K, committed 9024K, reserved 1048576K
}
Event: 15.502 GC heap before
{Heap before GC invocations=18 (full 0):
 garbage-first heap   total 90112K, used 67176K [0x0000000701e00000, 0x0000000800000000)
  region size 2048K, 21 young (43008K), 3 survivors (6144K)
 Metaspace       used 66120K, committed 66688K, reserved 1114112K
  class space    used 9643K, committed 9920K, reserved 1048576K
}
Event: 15.508 GC heap after
{Heap after GC invocations=19 (full 0):
 garbage-first heap   total 90112K, used 33664K [0x0000000701e00000, 0x0000000800000000)
  region size 2048K, 3 young (6144K), 3 survivors (6144K)
 Metaspace       used 66120K, committed 66688K, reserved 1114112K
  class space    used 9643K, committed 9920K, reserved 1048576K
}
Event: 15.715 GC heap before
{Heap before GC invocations=19 (full 0):
 garbage-first heap   total 90112K, used 68480K [0x0000000701e00000, 0x0000000800000000)
  region size 2048K, 21 young (43008K), 3 survivors (6144K)
 Metaspace       used 67749K, committed 68288K, reserved 1114112K
  class space    used 10002K, committed 10240K, reserved 1048576K
}
Event: 15.721 GC heap after
{Heap after GC invocations=20 (full 0):
 garbage-first heap   total 108544K, used 35899K [0x0000000701e00000, 0x0000000800000000)
  region size 2048K, 2 young (4096K), 2 survivors (4096K)
 Metaspace       used 67749K, committed 68288K, reserved 1114112K
  class space    used 10002K, committed 10240K, reserved 1048576K
}
Event: 16.039 GC heap before
{Heap before GC invocations=20 (full 0):
 garbage-first heap   total 108544K, used 80955K [0x0000000701e00000, 0x0000000800000000)
  region size 2048K, 25 young (51200K), 2 survivors (4096K)
 Metaspace       used 70576K, committed 71168K, reserved 1114112K
  class space    used 10362K, committed 10624K, reserved 1048576K
}
Event: 16.043 GC heap after
{Heap after GC invocations=21 (full 0):
 garbage-first heap   total 108544K, used 36787K [0x0000000701e00000, 0x0000000800000000)
  region size 2048K, 2 young (4096K), 2 survivors (4096K)
 Metaspace       used 70576K, committed 71168K, reserved 1114112K
  class space    used 10362K, committed 10624K, reserved 1048576K
}
Event: 16.744 GC heap before
{Heap before GC invocations=21 (full 0):
 garbage-first heap   total 108544K, used 85939K [0x0000000701e00000, 0x0000000800000000)
  region size 2048K, 26 young (53248K), 2 survivors (4096K)
 Metaspace       used 76305K, committed 76864K, reserved 1114112K
  class space    used 11180K, committed 11456K, reserved 1048576K
}
Event: 16.751 GC heap after
{Heap after GC invocations=22 (full 0):
 garbage-first heap   total 108544K, used 41035K [0x0000000701e00000, 0x0000000800000000)
  region size 2048K, 4 young (8192K), 4 survivors (8192K)
 Metaspace       used 76305K, committed 76864K, reserved 1114112K
  class space    used 11180K, committed 11456K, reserved 1048576K
}
Event: 60.205 GC heap before
{Heap before GC invocations=22 (full 0):
 garbage-first heap   total 108544K, used 84043K [0x0000000701e00000, 0x0000000800000000)
  region size 2048K, 25 young (51200K), 4 survivors (8192K)
 Metaspace       used 83243K, committed 83904K, reserved 1179648K
  class space    used 12144K, committed 12480K, reserved 1048576K
}
Event: 60.213 GC heap after
{Heap after GC invocations=23 (full 0):
 garbage-first heap   total 108544K, used 43993K [0x0000000701e00000, 0x0000000800000000)
  region size 2048K, 2 young (4096K), 2 survivors (4096K)
 Metaspace       used 83243K, committed 83904K, reserved 1179648K
  class space    used 12144K, committed 12480K, reserved 1048576K
}

